0 info it worked if it ends with ok
1 verbose cli [ 'node', '/usr/local/bin/npm', 'run', 'dev' ]
2 info using npm@3.3.12
3 info using node@v0.10.25
4 verbose node symlink /usr/bin/node
5 verbose run-script [ 'predev', 'dev', 'postdev' ]
6 info lifecycle passport-rethinkdb-tutorial@1.0.0~predev: passport-rethinkdb-tutorial@1.0.0
7 silly lifecycle passport-rethinkdb-tutorial@1.0.0~predev: no script for predev, continuing
8 info lifecycle passport-rethinkdb-tutorial@1.0.0~dev: passport-rethinkdb-tutorial@1.0.0
9 verbose lifecycle passport-rethinkdb-tutorial@1.0.0~dev: unsafe-perm in lifecycle true
10 verbose lifecycle passport-rethinkdb-tutorial@1.0.0~dev: PATH: /usr/local/lib/node_modules/npm/bin/node-gyp-bin:/home/enieber/passport-rethinkdb-tutorial/node_modules/.bin:/usr/local/heroku/bin:/home/enieber/.rbenv/plugins/ruby-build/bin:/home/enieber/.rbenv/shims:/home/enieber/.rbenv/bin:/usr/local/sbin:/usr/local/bin:/usr/sbin:/usr/bin:/sbin:/bin:/usr/games:/usr/local/games
11 verbose lifecycle passport-rethinkdb-tutorial@1.0.0~dev: CWD: /home/enieber/passport-rethinkdb-tutorial
12 silly lifecycle passport-rethinkdb-tutorial@1.0.0~dev: Args: [ '-c', './node_modules/nodemon/bin/nodemon.js ./server' ]
13 info lifecycle passport-rethinkdb-tutorial@1.0.0~dev: Failed to exec dev script
14 verbose stack Error: passport-rethinkdb-tutorial@1.0.0 dev: `./node_modules/nodemon/bin/nodemon.js ./server`
14 verbose stack spawn ENOENT
14 verbose stack     at ChildProcess.<anonymous> (/usr/local/lib/node_modules/npm/lib/utils/spawn.js:17:16)
14 verbose stack     at ChildProcess.EventEmitter.emit (events.js:98:17)
14 verbose stack     at maybeClose (child_process.js:743:16)
14 verbose stack     at Process.ChildProcess._handle.onexit (child_process.js:810:5)
15 verbose pkgid passport-rethinkdb-tutorial@1.0.0
16 verbose cwd /home/enieber/passport-rethinkdb-tutorial/config
17 error Linux 3.19.0-32-generic
18 error argv "node" "/usr/local/bin/npm" "run" "dev"
19 error node v0.10.25
20 error npm  v3.3.12
21 error file sh
22 error code ELIFECYCLE
23 error errno ENOENT
24 error syscall spawn
25 error passport-rethinkdb-tutorial@1.0.0 dev: `./node_modules/nodemon/bin/nodemon.js ./server`
25 error spawn ENOENT
26 error Failed at the passport-rethinkdb-tutorial@1.0.0 dev script './node_modules/nodemon/bin/nodemon.js ./server'.
26 error Make sure you have the latest version of node.js and npm installed.
26 error If you do, this is most likely a problem with the passport-rethinkdb-tutorial package,
26 error not with npm itself.
26 error Tell the author that this fails on your system:
26 error     ./node_modules/nodemon/bin/nodemon.js ./server
26 error You can get their info via:
26 error     npm owner ls passport-rethinkdb-tutorial
26 error There is likely additional logging output above.
27 verbose exit [ 1, true ]
